<?xml version="1.0" encoding="UTF-8"?>
<!-- Generated by org.testng.reporters.JUnitXMLReporter -->
<testsuite ignored="0" hostname="Rajendra" failures="16" tests="63" name="Test" time="195.389" errors="0" timestamp="02 Aug 2022 14:03:49 GMT">
  <testcase classname="com.tests.LoginPageTest" name="TC001_verify_Logo_Is_Displayed" time="0.077"/>
  <testcase classname="com.tests.LoginPageTest" name="TC002_verify_Valid_Heading_On_Loginpage" time="0.031"/>
  <testcase classname="com.tests.LoginPageTest" name="TC003_verify_Valid_CourseName_On_Loginpage" time="0.026"/>
  <testcase classname="com.tests.LoginPageTest" name="TC004_verify_Email_Error_Message" time="0.397"/>
  <testcase classname="com.tests.LoginPageTest" name="TC005_verify_Password_Error_Message" time="0.4"/>
  <testcase classname="com.tests.LoginPageTest" name="TC006_verify_Enter_Invalid_Email_Error_Message" time="0.421"/>
  <testcase classname="com.tests.LoginPageTest" name="TC007_verify_Enter_Invalid_Password_Error_Message" time="0.413"/>
  <testcase classname="com.tests.LoginPageTest" name="TC008_verify_Register_Link_Is_Clickable" time="0.233"/>
  <testcase classname="com.tests.LoginPageTest" name="TC009_verify_Valid_Login_Credential_Scenario" time="0.338">
    <skipped/>
  </testcase> <!-- TC009_verify_Valid_Login_Credential_Scenario -->
  <testcase classname="com.tests.LoginPageTest" name="TC009_verify_Valid_Login_Credential_Scenario" time="0.306">
    <skipped/>
  </testcase> <!-- TC009_verify_Valid_Login_Credential_Scenario -->
  <testcase classname="com.tests.LoginPageTest" name="TC009_verify_Valid_Login_Credential_Scenario" time="0.274">
    <failure type="java.lang.AssertionError" message="expected [true] but found [false]">
      <![CDATA[java.lang.AssertionError: expected [true] but found [false]
at com.tests.LoginPageTest.TC009_verify_Valid_Login_Credential_Scenario(LoginPageTest.java:93)
... Removed 29 stack frames]]>
    </failure>
  </testcase> <!-- TC009_verify_Valid_Login_Credential_Scenario -->
  <testcase classname="com.tests.LoginPageTest" name="TC009_verify_Valid_Login_Credential_Scenario" time="0.302">
    <failure type="java.lang.AssertionError" message="expected [true] but found [false]">
      <![CDATA[java.lang.AssertionError: expected [true] but found [false]
at com.tests.LoginPageTest.TC009_verify_Valid_Login_Credential_Scenario(LoginPageTest.java:93)
... Removed 29 stack frames]]>
    </failure>
  </testcase> <!-- TC009_verify_Valid_Login_Credential_Scenario -->
  <testcase classname="com.tests.LoginPageTest" name="TC009_verify_Valid_Login_Credential_Scenario" time="0.312">
    <failure type="java.lang.AssertionError" message="expected [true] but found [false]">
      <![CDATA[java.lang.AssertionError: expected [true] but found [false]
at com.tests.LoginPageTest.TC009_verify_Valid_Login_Credential_Scenario(LoginPageTest.java:93)
... Removed 29 stack frames]]>
    </failure>
  </testcase> <!-- TC009_verify_Valid_Login_Credential_Scenario -->
  <testcase classname="com.tests.LoginPageTest" name="TC009_verify_Valid_Login_Credential_Scenario" time="0.34">
    <failure type="java.lang.AssertionError" message="expected [true] but found [false]">
      <![CDATA[java.lang.AssertionError: expected [true] but found [false]
at com.tests.LoginPageTest.TC009_verify_Valid_Login_Credential_Scenario(LoginPageTest.java:93)
... Removed 29 stack frames]]>
    </failure>
  </testcase> <!-- TC009_verify_Valid_Login_Credential_Scenario -->
  <testcase classname="com.tests.LoginPageTest" name="TC009_verify_Valid_Login_Credential_Scenario" time="0.354">
    <failure type="java.lang.AssertionError" message="expected [true] but found [false]">
      <![CDATA[java.lang.AssertionError: expected [true] but found [false]
at com.tests.LoginPageTest.TC009_verify_Valid_Login_Credential_Scenario(LoginPageTest.java:93)
... Removed 29 stack frames]]>
    </failure>
  </testcase> <!-- TC009_verify_Valid_Login_Credential_Scenario -->
  <testcase classname="com.tests.LoginPageTest" name="TC009_verify_Valid_Login_Credential_Scenario" time="0.329">
    <failure type="java.lang.AssertionError" message="expected [true] but found [false]">
      <![CDATA[java.lang.AssertionError: expected [true] but found [false]
at com.tests.LoginPageTest.TC009_verify_Valid_Login_Credential_Scenario(LoginPageTest.java:93)
... Removed 29 stack frames]]>
    </failure>
  </testcase> <!-- TC009_verify_Valid_Login_Credential_Scenario -->
  <testcase classname="com.tests.LoginPageTest" name="TC009_verify_Valid_Login_Credential_Scenario" time="0.33">
    <failure type="java.lang.AssertionError" message="expected [true] but found [false]">
      <![CDATA[java.lang.AssertionError: expected [true] but found [false]
at com.tests.LoginPageTest.TC009_verify_Valid_Login_Credential_Scenario(LoginPageTest.java:93)
... Removed 29 stack frames]]>
    </failure>
  </testcase> <!-- TC009_verify_Valid_Login_Credential_Scenario -->
  <testcase classname="com.tests.LoginPageTest" name="TC009_verify_Valid_Login_Credential_Scenario" time="0.358">
    <failure type="java.lang.AssertionError" message="expected [true] but found [false]">
      <![CDATA[java.lang.AssertionError: expected [true] but found [false]
at com.tests.LoginPageTest.TC009_verify_Valid_Login_Credential_Scenario(LoginPageTest.java:93)
... Removed 29 stack frames]]>
    </failure>
  </testcase> <!-- TC009_verify_Valid_Login_Credential_Scenario -->
  <testcase classname="com.tests.LoginPageTest" name="TC009_verify_Valid_Login_Credential_Scenario" time="0.34">
    <failure type="java.lang.AssertionError" message="expected [true] but found [false]">
      <![CDATA[java.lang.AssertionError: expected [true] but found [false]
at com.tests.LoginPageTest.TC009_verify_Valid_Login_Credential_Scenario(LoginPageTest.java:93)
... Removed 29 stack frames]]>
    </failure>
  </testcase> <!-- TC009_verify_Valid_Login_Credential_Scenario -->
  <testcase classname="com.tests.LoginPageTest" name="TC009_verify_Valid_Login_Credential_Scenario" time="0.355">
    <failure type="java.lang.AssertionError" message="expected [true] but found [false]">
      <![CDATA[java.lang.AssertionError: expected [true] but found [false]
at com.tests.LoginPageTest.TC009_verify_Valid_Login_Credential_Scenario(LoginPageTest.java:93)
... Removed 29 stack frames]]>
    </failure>
  </testcase> <!-- TC009_verify_Valid_Login_Credential_Scenario -->
  <testcase classname="com.tests.LoginPageTest" name="TC009_verify_Valid_Login_Credential_Scenario" time="0.314">
    <failure type="java.lang.AssertionError" message="expected [true] but found [false]">
      <![CDATA[java.lang.AssertionError: expected [true] but found [false]
at com.tests.LoginPageTest.TC009_verify_Valid_Login_Credential_Scenario(LoginPageTest.java:93)
... Removed 29 stack frames]]>
    </failure>
  </testcase> <!-- TC009_verify_Valid_Login_Credential_Scenario -->
  <testcase classname="com.tests.LoginPageTest" name="TC009_verify_Valid_Login_Credential_Scenario" time="0.335">
    <failure type="java.lang.AssertionError" message="expected [true] but found [false]">
      <![CDATA[java.lang.AssertionError: expected [true] but found [false]
at com.tests.LoginPageTest.TC009_verify_Valid_Login_Credential_Scenario(LoginPageTest.java:93)
... Removed 29 stack frames]]>
    </failure>
  </testcase> <!-- TC009_verify_Valid_Login_Credential_Scenario -->
  <testcase classname="com.tests.LoginPageTest" name="TC009_verify_Valid_Login_Credential_Scenario" time="0.322">
    <failure type="java.lang.AssertionError" message="expected [true] but found [false]">
      <![CDATA[java.lang.AssertionError: expected [true] but found [false]
at com.tests.LoginPageTest.TC009_verify_Valid_Login_Credential_Scenario(LoginPageTest.java:93)
... Removed 29 stack frames]]>
    </failure>
  </testcase> <!-- TC009_verify_Valid_Login_Credential_Scenario -->
  <testcase classname="com.tests.LoginPageTest" name="TC009_verify_Valid_Login_Credential_Scenario" time="3.364"/>
  <testcase classname="com.tests.RegistrationPageTest" name="TC001_verify_New_User_Registration_Functionality" time="0.652"/>
  <testcase classname="com.tests.RegistrationPageTest" name="TC002_erify_Already_User_Link_Is_Clickable" time="0.323"/>
  <testcase classname="com.tests.RegistrationPageTest" name="TC003_verify_Blank_UserName_Error_Message" time="0.61"/>
  <testcase classname="com.tests.RegistrationPageTest" name="TC004_verify_Blank_MobileNumber_Error_Message" time="0.623"/>
  <testcase classname="com.tests.RegistrationPageTest" name="TC005_verify_Blank_Email_Error_Message" time="0.598"/>
  <testcase classname="com.tests.RegistrationPageTest" name="TC006_verify_Blank_Password_Error_Message" time="0.612"/>
  <testcase classname="com.tests.DashboardPageTest" name="TC001_verify_CoursesName_And_Details_Of_Courses" time="0.279"/>
  <testcase classname="com.tests.DashboardPageTest" name="TC002_verify_More_Info_Links" time="0.823"/>
  <testcase classname="com.tests.DashboardPageTest" name="TC003_verify_SideMenubar_Links" time="0.141"/>
  <testcase classname="com.tests.DashboardPageTest" name="TC004_verify_Title_After_Clicking_On_SidebarMenu" time="31.438"/>
  <testcase classname="com.tests.UsersPageTest" name="TC001_verify_Users_Table_Data" time="0.329"/>
  <testcase classname="com.tests.UsersPageTest" name="TC002_verify_Users_And_Courses_Data" time="0.25"/>
  <testcase classname="com.tests.UsersPageTest" name="TC003_verify_Users_And_State" time="0.242"/>
  <testcase classname="com.tests.UsersPageTest" name="TC004_verify_Users_Email_Address" time="0.238">
    <skipped/>
  </testcase> <!-- TC004_verify_Users_Email_Address -->
  <testcase classname="com.tests.UsersPageTest" name="TC004_verify_Users_Email_Address" time="0.217">
    <skipped/>
  </testcase> <!-- TC004_verify_Users_Email_Address -->
  <testcase classname="com.tests.UsersPageTest" name="TC004_verify_Users_Email_Address" time="0.238">
    <failure type="java.lang.AssertionError" message="expected [true] but found [false]">
      <![CDATA[java.lang.AssertionError: expected [true] but found [false]
at com.tests.UsersPageTest.TC004_verify_Users_Email_Address(UsersPageTest.java:57)
... Removed 29 stack frames]]>
    </failure>
  </testcase> <!-- TC004_verify_Users_Email_Address -->
  <testcase classname="com.tests.UsersPageTest" name="TC005_verify_Users_Gender" time="0.248">
    <skipped/>
  </testcase> <!-- TC005_verify_Users_Gender -->
  <testcase classname="com.tests.UsersPageTest" name="TC005_verify_Users_Gender" time="0.226">
    <skipped/>
  </testcase> <!-- TC005_verify_Users_Gender -->
  <testcase classname="com.tests.UsersPageTest" name="TC005_verify_Users_Gender" time="0.239">
    <failure type="java.lang.AssertionError" message="expected [true] but found [false]">
      <![CDATA[java.lang.AssertionError: expected [true] but found [false]
at com.tests.UsersPageTest.TC005_verify_Users_Gender(UsersPageTest.java:64)
... Removed 29 stack frames]]>
    </failure>
  </testcase> <!-- TC005_verify_Users_Gender -->
  <testcase classname="com.tests.UsersPageTest" name="TC006_verify_Users_MobileNumber" time="0.398">
    <skipped/>
  </testcase> <!-- TC006_verify_Users_MobileNumber -->
  <testcase classname="com.tests.UsersPageTest" name="TC006_verify_Users_MobileNumber" time="0.304">
    <skipped/>
  </testcase> <!-- TC006_verify_Users_MobileNumber -->
  <testcase classname="com.tests.UsersPageTest" name="TC006_verify_Users_MobileNumber" time="0.307">
    <failure type="java.lang.AssertionError" message="expected [true] but found [false]">
      <![CDATA[java.lang.AssertionError: expected [true] but found [false]
at com.tests.UsersPageTest.TC006_verify_Users_MobileNumber(UsersPageTest.java:71)
... Removed 29 stack frames]]>
    </failure>
  </testcase> <!-- TC006_verify_Users_MobileNumber -->
  <testcase classname="com.tests.UsersPageTest" name="TC007_verify_Users_Can_Be_Deleted" time="0.531"/>
  <testcase classname="com.tests.UsersPageTest" name="TC008_verify_Add_New_User_Functionality" time="1.447"/>
  <testcase classname="com.tests.OperatorsPageTest" name="TC001_verify_Operators_List_Table_Data" time="1.231"/>
  <testcase classname="com.tests.OperatorsPageTest" name="TC002_verify_Technical_Person_In_Operators_List" time="0.328"/>
  <testcase classname="com.tests.OperatorsPageTest" name="TC003_verify_Way_To_Connect_Without_WhatsApp_Only_To_Operator" time="0.302"/>
  <testcase classname="com.tests.OperatorsPageTest" name="TC004_verify_Way_To_Connect_WhatsApp_Only_To_Operator" time="0.309"/>
  <testcase classname="com.tests.OperatorsPageTest" name="TC005_verify_Monday_Timing_Of_Operators" time="0.288"/>
  <testcase classname="com.tests.OperatorsPageTest" name="TC006_verify_Timing_Of_Operators" time="0.287"/>
  <testcase classname="com.tests.OperatorsPageTest" name="TC007_verify_Mobile_Number_Of_Operators" time="0.275"/>
  <testcase classname="com.tests.UsefulLinksPageTest" name="TC001_verify_Useful_Links_Table_Data" time="0.19"/>
  <testcase classname="com.tests.UsefulLinksPageTest" name="TC002_verify_Content_Links_Of_Useful_Links_Page" time="53.436"/>
  <testcase classname="com.tests.DownloadsPageTest" name="TC001_verify_Downloads_Page_Table_Data" time="2.111"/>
  <testcase classname="com.tests.DownloadsPageTest" name="TC002_verify_Thirty_Two_Bit_Support_Application" time="0.386"/>
  <testcase classname="com.tests.DownloadsPageTest" name="TC003_verify_Sixty_Four_Bit_Support_Application" time="0.364"/>
  <testcase classname="com.tests.DownloadsPageTest" name="TC004_verify_Version_Of_Application" time="0.38"/>
  <testcase classname="com.tests.DownloadsPageTest" name="TC005_verify_Official_SourceLink_Of_Perticular_Application" time="46.574"/>
  <testcase classname="com.tests.DownloadsPageTest" name="TC006_verify_Logout_Page_Link_Functionality" time="3.361"/>
</testsuite> <!-- Test -->
